{"C:\\Users\\Jack Sadler\\Documents\\GitHub\\stock_project\\src\\components\\layout\\Footer.tsx": {"path":"C:\\Users\\Jack Sadler\\Documents\\GitHub\\stock_project\\src\\components\\layout\\Footer.tsx","all":false,"statementMap":{"0":{"start":{"line":1,"column":0},"end":{"line":1,"column":26}},"1":{"start":{"line":2,"column":0},"end":{"line":2,"column":0}},"2":{"start":{"line":3,"column":0},"end":{"line":3,"column":34}},"3":{"start":{"line":4,"column":0},"end":{"line":4,"column":49}},"4":{"start":{"line":5,"column":0},"end":{"line":5,"column":1}}},"s":{"0":1,"1":1,"2":1,"3":5,"4":5},"branchMap":{"0":{"type":"branch","line":3,"loc":{"start":{"line":3,"column":15},"end":{"line":5,"column":1}},"locations":[{"start":{"line":3,"column":15},"end":{"line":5,"column":1}}]}},"b":{"0":[5]},"fnMap":{"0":{"name":"Footer","decl":{"start":{"line":3,"column":15},"end":{"line":5,"column":1}},"loc":{"start":{"line":3,"column":15},"end":{"line":5,"column":1}},"line":3}},"f":{"0":5}}
}
